{
  "0 debug pnpm:scope": {
    "selected": 1,
    "workspacePrefix": "/Users/perry/Workspace/playground/monorepo-demo/pnpm-demo"
  },
  "1 error pnpm": {
    "errno": 1,
    "code": "ELIFECYCLE",
    "pkgid": "pnpm-demo@0.0.0",
    "stage": "start",
    "script": "ng serve",
    "pkgname": "pnpm-demo",
    "err": {
      "name": "pnpm",
      "message": "pnpm-demo@0.0.0 start: `ng serve`\nExit status 1",
      "code": "ELIFECYCLE",
      "stack": "pnpm: pnpm-demo@0.0.0 start: `ng serve`\nExit status 1\n    at EventEmitter.<anonymous> (/Users/perry/.nvm/versions/node/v12.22.12/lib/node_modules/pnpm/dist/pnpm.cjs:105794:20)\n    at EventEmitter.emit (events.js:314:20)\n    at ChildProcess.<anonymous> (/Users/perry/.nvm/versions/node/v12.22.12/lib/node_modules/pnpm/dist/pnpm.cjs:92355:18)\n    at ChildProcess.emit (events.js:314:20)\n    at maybeClose (internal/child_process.js:1022:16)\n    at Process.ChildProcess._handle.onexit (internal/child_process.js:287:5)"
    }
  },
  "2 warn pnpm:global": " Local package.json exists, but node_modules missing, did you mean to install?"
}